<?xml version="1.0" encoding="UTF-8"?>
<!-- Generated by org.testng.reporters.JUnitXMLReporter -->
<testsuite ignored="0" hostname="DESKTOP-5BBFA1D" failures="0" tests="11" name="My Address Book Test Case" time="553.969" errors="0" timestamp="10 Jan 2021 22:52:04 GMT">
  <testcase classname="com.dollardays.testcases.MyAddressBookTestCase" name="addressBookCreate" time="42.81"/>
  <testcase classname="com.dollardays.testcases.MyAddressBookTestCase" name="addressBookCreate" time="71.241"/>
  <testcase classname="com.dollardays.testcases.MyAddressBookTestCase" name="addressBookCreate" time="60.943"/>
  <testcase classname="com.dollardays.testcases.MyAddressBookTestCase" name="addressBookCreate" time="33.842"/>
  <testcase classname="com.dollardays.testcases.MyAddressBookTestCase" name="addressBookCreate" time="33.083"/>
  <testcase classname="com.dollardays.testcases.MyAddressBookTestCase" name="addressBookLastCancel" time="30.469"/>
  <testcase classname="com.dollardays.testcases.MyAddressBookTestCase" name="addressBookLastCancel" time="31.301"/>
  <testcase classname="com.dollardays.testcases.MyAddressBookTestCase" name="addressBookLastCancel" time="30.372"/>
  <testcase classname="com.dollardays.testcases.MyAddressBookTestCase" name="addressBookLastCancel" time="30.607"/>
  <testcase classname="com.dollardays.testcases.MyAddressBookTestCase" name="addressBookLastCancel" time="30.981"/>
  <testcase classname="com.dollardays.testcases.MyAddressBookTestCase" name="login" time="10.163"/>
</testsuite> <!-- My Address Book Test Case -->
