<?xml version="1.0" encoding="UTF-8"?>
<!-- Generated by org.testng.reporters.JUnitXMLReporter -->
<testsuite ignored="0" hostname="DESKTOP-5BBFA1D" failures="0" tests="5" name="Dollar Days Test" time="257.493" errors="0" timestamp="2021-01-10T18:07:33 EST">
  <testcase classname="com.dollardays.testcases.OrderHistoryTestcase" name="TC_01_orderHistory" time="51.335"/>
  <testcase classname="com.dollardays.testcases.OrderHistoryTestcase" name="TC_02_orderHistory" time="15.692"/>
  <testcase classname="com.dollardays.testcases.OrderHistoryTestcase" name="TC_03_orderHistory" time="37.663"/>
  <testcase classname="com.dollardays.testcases.OrderHistoryTestcase" name="TC_04_orderHistory" time="19.49"/>
  <testcase classname="com.dollardays.testcases.OrderHistoryTestcase" name="TC_05_orderHistory" time="41.471"/>
</testsuite> <!-- Dollar Days Test -->
