<?xml version="1.0" encoding="UTF-8"?>
<!-- Generated by org.testng.reporters.JUnitXMLReporter -->
<testsuite ignored="0" hostname="DESKTOP-5BBFA1D" failures="0" tests="6" name="My Wallet Test Case" time="268.055" errors="0" timestamp="10 Jan 2021 22:56:32 GMT">
  <testcase classname="com.dollardays.testcases.MyWalletTestcase" name="addWallet" time="29.821"/>
  <testcase classname="com.dollardays.testcases.MyWalletTestcase" name="addWallet" time="36.378"/>
  <testcase classname="com.dollardays.testcases.MyWalletTestcase" name="cancelWalletAdd" time="28.038"/>
  <testcase classname="com.dollardays.testcases.MyWalletTestcase" name="cancelWalletAdd" time="26.341"/>
  <testcase classname="com.dollardays.testcases.MyWalletTestcase" name="editWallet" time="31.231"/>
  <testcase classname="com.dollardays.testcases.MyWalletTestcase" name="editWallet" time="31.763"/>
</testsuite> <!-- My Wallet Test Case -->
