<?xml version="1.0" encoding="UTF-8"?>
<!-- Generated by org.testng.reporters.JUnitXMLReporter -->
<testsuite ignored="0" hostname="DESKTOP-5BBFA1D" failures="0" tests="9" name="Test" time="263.555" errors="0" timestamp="10 Jan 2021 22:29:49 GMT">
  <testcase classname="com.dollardays.testcases.NewAccountTestcase" name="createlogin" time="16.196"/>
  <testcase classname="com.dollardays.testcases.NewAccountTestcase" name="createlogin" time="14.057"/>
  <testcase classname="com.dollardays.testcases.NewAccountTestcase" name="createlogin" time="14.329"/>
  <testcase classname="com.dollardays.testcases.NewAccountTestcase" name="createlogin" time="14.014"/>
  <testcase classname="com.dollardays.testcases.NewAccountTestcase" name="createlogin" time="16.287"/>
  <testcase classname="com.dollardays.testcases.NewAccountTestcase" name="createlogin" time="16.031"/>
  <testcase classname="com.dollardays.testcases.NewAccountTestcase" name="createlogin" time="13.999"/>
  <testcase classname="com.dollardays.testcases.NewAccountTestcase" name="createlogin" time="14.823"/>
  <testcase classname="com.dollardays.testcases.NewAccountTestcase" name="createlogin" time="15.319"/>
</testsuite> <!-- Test -->
