<?xml version="1.0" encoding="UTF-8"?>
<testng-results ignored="0" total="5" passed="5" failed="0" skipped="0">
  <reporter-output>
  </reporter-output>
  <suite started-at="2021-01-10T18:03:15 EST" name="Suite" finished-at="2021-01-10T18:07:33 EST" duration-ms="257493">
    <groups>
    </groups>
    <test started-at="2021-01-10T18:03:15 EST" name="Dollar Days Test" finished-at="2021-01-10T18:07:33 EST" duration-ms="257493">
      <class name="com.dollardays.testcases.OrderHistoryTestcase">
        <test-method is-config="true" signature="beforeClass()[pri:0, instance:com.dollardays.testcases.OrderHistoryTestcase@31190526]" started-at="2021-01-10T18:03:15 EST" name="beforeClass" finished-at="2021-01-10T18:03:15 EST" duration-ms="26" status="PASS">
          <reporter-output>
          </reporter-output>
        </test-method> <!-- beforeClass -->
        <test-method is-config="true" signature="setUpBrowser()[pri:0, instance:com.dollardays.testcases.OrderHistoryTestcase@31190526]" started-at="2021-01-10T18:03:17 EST" name="setUpBrowser" finished-at="2021-01-10T18:03:40 EST" duration-ms="22757" status="PASS">
          <reporter-output>
          </reporter-output>
        </test-method> <!-- setUpBrowser -->
        <test-method signature="TC_01_orderHistory(java.util.Hashtable)[pri:0, instance:com.dollardays.testcases.OrderHistoryTestcase@31190526]" started-at="2021-01-10T18:03:40 EST" name="TC_01_orderHistory" data-provider="dd-dataprovider" finished-at="2021-01-10T18:04:31 EST" duration-ms="51335" status="PASS">
          <params>
            <param index="0">
              <value>
                <![CDATA[{TestCase=Valid Login Credentials
 and click on Order History page, Start Date=, TCID=TC1, SheetName=Sheet2, Runmode=Yes, UserName=srikanthtesting100@gmail.com, Password=cGFzc3dvcmQxMjM=, End Date=, =}]]>
              </value>
            </param>
          </params>
          <reporter-output>
          </reporter-output>
        </test-method> <!-- TC_01_orderHistory -->
        <test-method is-config="true" signature="quit()[pri:0, instance:com.dollardays.testcases.OrderHistoryTestcase@31190526]" started-at="2021-01-10T18:04:31 EST" name="quit" finished-at="2021-01-10T18:04:32 EST" duration-ms="841" status="PASS">
          <reporter-output>
          </reporter-output>
        </test-method> <!-- quit -->
        <test-method is-config="true" signature="setUpBrowser()[pri:0, instance:com.dollardays.testcases.OrderHistoryTestcase@31190526]" started-at="2021-01-10T18:04:32 EST" name="setUpBrowser" finished-at="2021-01-10T18:05:00 EST" duration-ms="27431" status="PASS">
          <reporter-output>
          </reporter-output>
        </test-method> <!-- setUpBrowser -->
        <test-method signature="TC_02_orderHistory(java.util.Hashtable)[pri:0, instance:com.dollardays.testcases.OrderHistoryTestcase@31190526]" started-at="2021-01-10T18:05:00 EST" name="TC_02_orderHistory" data-provider="dd-dataprovider" finished-at="2021-01-10T18:05:16 EST" duration-ms="15692" status="PASS">
          <params>
            <param index="0">
              <value>
                <![CDATA[{TestCase=Enter Start date and End date in the field, Start Date=44168.0, TCID=TC2, SheetName=Sheet2, Runmode=Yes, UserName=srikanthtesting100@gmail.com, Password=cGFzc3dvcmQxMjM=, End Date=44185.0, =}]]>
              </value>
            </param>
          </params>
          <reporter-output>
          </reporter-output>
        </test-method> <!-- TC_02_orderHistory -->
        <test-method is-config="true" signature="quit()[pri:0, instance:com.dollardays.testcases.OrderHistoryTestcase@31190526]" started-at="2021-01-10T18:05:16 EST" name="quit" finished-at="2021-01-10T18:05:16 EST" duration-ms="890" status="PASS">
          <reporter-output>
          </reporter-output>
        </test-method> <!-- quit -->
        <test-method is-config="true" signature="setUpBrowser()[pri:0, instance:com.dollardays.testcases.OrderHistoryTestcase@31190526]" started-at="2021-01-10T18:05:16 EST" name="setUpBrowser" finished-at="2021-01-10T18:05:28 EST" duration-ms="11592" status="PASS">
          <reporter-output>
          </reporter-output>
        </test-method> <!-- setUpBrowser -->
        <test-method signature="TC_03_orderHistory(java.util.Hashtable)[pri:0, instance:com.dollardays.testcases.OrderHistoryTestcase@31190526]" started-at="2021-01-10T18:05:28 EST" name="TC_03_orderHistory" data-provider="dd-dataprovider" finished-at="2021-01-10T18:06:06 EST" duration-ms="37663" status="PASS">
          <params>
            <param index="0">
              <value>
                <![CDATA[{TestCase=Enter Start date and End date in the field, Start Date=44168.0, TCID=TC2, SheetName=Sheet2, Runmode=Yes, UserName=srikanthtesting100@gmail.com, Password=cGFzc3dvcmQxMjM=, End Date=44185.0, =}]]>
              </value>
            </param>
          </params>
          <reporter-output>
          </reporter-output>
        </test-method> <!-- TC_03_orderHistory -->
        <test-method is-config="true" signature="quit()[pri:0, instance:com.dollardays.testcases.OrderHistoryTestcase@31190526]" started-at="2021-01-10T18:06:06 EST" name="quit" finished-at="2021-01-10T18:06:07 EST" duration-ms="831" status="PASS">
          <reporter-output>
          </reporter-output>
        </test-method> <!-- quit -->
        <test-method is-config="true" signature="setUpBrowser()[pri:0, instance:com.dollardays.testcases.OrderHistoryTestcase@31190526]" started-at="2021-01-10T18:06:07 EST" name="setUpBrowser" finished-at="2021-01-10T18:06:18 EST" duration-ms="11755" status="PASS">
          <reporter-output>
          </reporter-output>
        </test-method> <!-- setUpBrowser -->
        <test-method signature="TC_04_orderHistory(java.util.Hashtable)[pri:0, instance:com.dollardays.testcases.OrderHistoryTestcase@31190526]" started-at="2021-01-10T18:06:18 EST" name="TC_04_orderHistory" data-provider="dd-dataprovider" finished-at="2021-01-10T18:06:38 EST" duration-ms="19490" status="PASS">
          <params>
            <param index="0">
              <value>
                <![CDATA[{TestCase=Enter Start date and End date in the field, Start Date=44168.0, TCID=TC2, SheetName=Sheet2, Runmode=Yes, UserName=srikanthtesting100@gmail.com, Password=cGFzc3dvcmQxMjM=, End Date=44185.0, =}]]>
              </value>
            </param>
          </params>
          <reporter-output>
          </reporter-output>
        </test-method> <!-- TC_04_orderHistory -->
        <test-method is-config="true" signature="quit()[pri:0, instance:com.dollardays.testcases.OrderHistoryTestcase@31190526]" started-at="2021-01-10T18:06:38 EST" name="quit" finished-at="2021-01-10T18:06:39 EST" duration-ms="823" status="PASS">
          <reporter-output>
          </reporter-output>
        </test-method> <!-- quit -->
        <test-method is-config="true" signature="setUpBrowser()[pri:0, instance:com.dollardays.testcases.OrderHistoryTestcase@31190526]" started-at="2021-01-10T18:06:39 EST" name="setUpBrowser" finished-at="2021-01-10T18:06:50 EST" duration-ms="11377" status="PASS">
          <reporter-output>
          </reporter-output>
        </test-method> <!-- setUpBrowser -->
        <test-method signature="TC_05_orderHistory(java.util.Hashtable)[pri:0, instance:com.dollardays.testcases.OrderHistoryTestcase@31190526]" started-at="2021-01-10T18:06:50 EST" name="TC_05_orderHistory" data-provider="dd-dataprovider" finished-at="2021-01-10T18:07:32 EST" duration-ms="41471" status="PASS">
          <params>
            <param index="0">
              <value>
                <![CDATA[{TestCase=Enter Start date and End date in the field, Start Date=44168.0, TCID=TC2, SheetName=Sheet2, Runmode=Yes, UserName=srikanthtesting100@gmail.com, Password=cGFzc3dvcmQxMjM=, End Date=44185.0, =}]]>
              </value>
            </param>
          </params>
          <reporter-output>
          </reporter-output>
        </test-method> <!-- TC_05_orderHistory -->
        <test-method is-config="true" signature="quit()[pri:0, instance:com.dollardays.testcases.OrderHistoryTestcase@31190526]" started-at="2021-01-10T18:07:32 EST" name="quit" finished-at="2021-01-10T18:07:33 EST" duration-ms="1001" status="PASS">
          <reporter-output>
          </reporter-output>
        </test-method> <!-- quit -->
        <test-method is-config="true" signature="afterClass()[pri:0, instance:com.dollardays.testcases.OrderHistoryTestcase@31190526]" started-at="2021-01-10T18:07:33 EST" name="afterClass" finished-at="2021-01-10T18:07:33 EST" duration-ms="1" status="PASS">
          <reporter-output>
          </reporter-output>
        </test-method> <!-- afterClass -->
      </class> <!-- com.dollardays.testcases.OrderHistoryTestcase -->
    </test> <!-- Dollar Days Test -->
  </suite> <!-- Suite -->
</testng-results>
